<?xml version="1.0" encoding="UTF-8"?>
<testng-results ignored="0" total="1" passed="1" failed="0" skipped="0">
  <reporter-output>
  </reporter-output>
  <suite started-at="2023-01-25T13:29:09 GST" name="Default suite" finished-at="2023-01-25T13:30:45 GST" duration-ms="95235">
    <groups>
    </groups>
    <test started-at="2023-01-25T13:29:09 GST" name="Default test" finished-at="2023-01-25T13:30:45 GST" duration-ms="95235">
      <class name="com.testscenarios.Personalinfo">
        <test-method is-config="true" signature="beforeClass()[pri:0, instance:com.testscenarios.Personalinfo@7674f035]" started-at="2023-01-25T13:29:09 GST" name="beforeClass" finished-at="2023-01-25T13:29:21 GST" duration-ms="11668" status="PASS">
          <reporter-output>
          </reporter-output>
        </test-method> <!-- beforeClass -->
        <test-method signature="f()[pri:0, instance:com.testscenarios.Personalinfo@7674f035]" started-at="2023-01-25T13:29:21 GST" name="f" finished-at="2023-01-25T13:30:44 GST" duration-ms="83465" status="PASS">
          <reporter-output>
          </reporter-output>
        </test-method> <!-- f -->
        <test-method is-config="true" signature="afterClass()[pri:0, instance:com.testscenarios.Personalinfo@7674f035]" started-at="2023-01-25T13:30:45 GST" name="afterClass" finished-at="2023-01-25T13:30:45 GST" duration-ms="5" status="PASS">
          <reporter-output>
          </reporter-output>
        </test-method> <!-- afterClass -->
      </class> <!-- com.testscenarios.Personalinfo -->
    </test> <!-- Default test -->
  </suite> <!-- Default suite -->
</testng-results>
